109.09.15 16:37 B C:\Documents and Settings\Argonova\Mina dokument\Local-Alla\Customer\Korkortpavag\admin\bilder\administration_01.gif <-- Korkort /public_html/jahangir/bilder administration_01.gif
109.09.15 16:37 B C:\Documents and Settings\Argonova\Mina dokument\Local-Alla\Customer\Korkortpavag\admin\bilder\administration_02.gif <-- Korkort /public_html/jahangir/bilder administration_02.gif
109.09.15 16:37 B C:\Documents and Settings\Argonova\Mina dokument\Local-Alla\Customer\Korkortpavag\admin\bilder\administration_03.gif <-- Korkort /public_html/jahangir/bilder administration_03.gif
109.09.15 16:37 B C:\Documents and Settings\Argonova\Mina dokument\Local-Alla\Customer\Korkortpavag\admin\bilder\administration_04.gif <-- Korkort /public_html/jahangir/bilder administration_04.gif
109.09.15 16:37 B C:\Documents and Settings\Argonova\Mina dokument\Local-Alla\Customer\Korkortpavag\admin\bilder\administration_05.gif <-- Korkort /public_html/jahangir/bilder administration_05.gif
109.09.15 16:37 B C:\Documents and Settings\Argonova\Mina dokument\Local-Alla\Customer\Korkortpavag\admin\bilder\administration_06.gif <-- Korkort /public_html/jahangir/bilder administration_06.gif
109.09.15 16:37 B C:\Documents and Settings\Argonova\Mina dokument\Local-Alla\Customer\Korkortpavag\admin\bilder\administration_07.gif <-- Korkort /public_html/jahangir/bilder administration_07.gif
109.09.15 16:37 B C:\Documents and Settings\Argonova\Mina dokument\Local-Alla\Customer\Korkortpavag\admin\bilder\administration_08.gif <-- Korkort /public_html/jahangir/bilder administration_08.gif
109.09.15 16:37 B C:\Documents and Settings\Argonova\Mina dokument\Local-Alla\Customer\Korkortpavag\admin\bilder\spacer.gif <-- Korkort /public_html/jahangir/bilder spacer.gif
109.09.15 16:39 B C:\Documents and Settings\Argonova\Mina dokument\Local-Alla\Customer\Korkortpavag\FA\bilder\administration_01.gif --> ftp.prima-redovisning.se /public_html/FA/bilder administration_01.gif
109.09.15 16:39 B C:\Documents and Settings\Argonova\Mina dokument\Local-Alla\Customer\Korkortpavag\FA\bilder\administration_02.gif --> ftp.prima-redovisning.se /public_html/FA/bilder administration_02.gif
109.09.15 16:39 B C:\Documents and Settings\Argonova\Mina dokument\Local-Alla\Customer\Korkortpavag\FA\bilder\administration_03.gif --> ftp.prima-redovisning.se /public_html/FA/bilder administration_03.gif
109.09.15 16:39 B C:\Documents and Settings\Argonova\Mina dokument\Local-Alla\Customer\Korkortpavag\FA\bilder\administration_04.gif --> ftp.prima-redovisning.se /public_html/FA/bilder administration_04.gif
109.09.15 16:39 B C:\Documents and Settings\Argonova\Mina dokument\Local-Alla\Customer\Korkortpavag\FA\bilder\administration_05.gif --> ftp.prima-redovisning.se /public_html/FA/bilder administration_05.gif
109.09.15 16:39 B C:\Documents and Settings\Argonova\Mina dokument\Local-Alla\Customer\Korkortpavag\FA\bilder\administration_06.gif --> ftp.prima-redovisning.se /public_html/FA/bilder administration_06.gif
109.09.15 16:39 B C:\Documents and Settings\Argonova\Mina dokument\Local-Alla\Customer\Korkortpavag\FA\bilder\administration_07.gif --> ftp.prima-redovisning.se /public_html/FA/bilder administration_07.gif
109.09.15 16:39 B C:\Documents and Settings\Argonova\Mina dokument\Local-Alla\Customer\Korkortpavag\FA\bilder\administration_08.gif --> ftp.prima-redovisning.se /public_html/FA/bilder administration_08.gif
109.09.15 16:39 B C:\Documents and Settings\Argonova\Mina dokument\Local-Alla\Customer\Korkortpavag\FA\bilder\spacer.gif --> ftp.prima-redovisning.se /public_html/FA/bilder spacer.gif
109.09.23 14:29 B C:\Program Files\WS_FTP\FA\bilder\WS_FTP.LOG <-- Prima /public_html/FA/bilder WS_FTP.LOG
109.09.23 14:30 B C:\Program Files\WS_FTP\FA\bilder\administration_01.gif --> ftp.sofrehaghd.se /public_html/shabnam/bilder administration_01.gif
109.09.23 14:30 B C:\Program Files\WS_FTP\FA\bilder\administration_02.gif --> ftp.sofrehaghd.se /public_html/shabnam/bilder administration_02.gif
109.09.23 14:30 B C:\Program Files\WS_FTP\FA\bilder\administration_03.gif --> ftp.sofrehaghd.se /public_html/shabnam/bilder administration_03.gif
109.09.23 14:30 B C:\Program Files\WS_FTP\FA\bilder\administration_04.gif --> ftp.sofrehaghd.se /public_html/shabnam/bilder administration_04.gif
109.09.23 14:30 B C:\Program Files\WS_FTP\FA\bilder\administration_05.gif --> ftp.sofrehaghd.se /public_html/shabnam/bilder administration_05.gif
109.09.23 14:30 B C:\Program Files\WS_FTP\FA\bilder\administration_06.gif --> ftp.sofrehaghd.se /public_html/shabnam/bilder administration_06.gif
109.09.23 14:30 B C:\Program Files\WS_FTP\FA\bilder\administration_07.gif --> ftp.sofrehaghd.se /public_html/shabnam/bilder administration_07.gif
109.09.23 14:30 B C:\Program Files\WS_FTP\FA\bilder\administration_08.gif --> ftp.sofrehaghd.se /public_html/shabnam/bilder administration_08.gif
109.09.23 14:30 B C:\Program Files\WS_FTP\FA\bilder\spacer.gif --> ftp.sofrehaghd.se /public_html/shabnam/bilder spacer.gif
109.09.23 14:30 B C:\Program Files\WS_FTP\FA\bilder\WS_FTP.LOG --> ftp.sofrehaghd.se /public_html/shabnam/bilder WS_FTP.LOG
109.10.14 08:42 B C:\Program Files\WS_FTP\FA\bilder\administration_01.gif --> ftp.blommor24.se /public_html/sam/bilder administration_01.gif
109.10.14 08:42 B C:\Program Files\WS_FTP\FA\bilder\administration_02.gif --> ftp.blommor24.se /public_html/sam/bilder administration_02.gif
109.10.14 08:42 B C:\Program Files\WS_FTP\FA\bilder\administration_03.gif --> ftp.blommor24.se /public_html/sam/bilder administration_03.gif
109.10.14 08:42 B C:\Program Files\WS_FTP\FA\bilder\administration_04.gif --> ftp.blommor24.se /public_html/sam/bilder administration_04.gif
109.10.14 08:42 B C:\Program Files\WS_FTP\FA\bilder\administration_05.gif --> ftp.blommor24.se /public_html/sam/bilder administration_05.gif
109.10.14 08:42 B C:\Program Files\WS_FTP\FA\bilder\administration_06.gif --> ftp.blommor24.se /public_html/sam/bilder administration_06.gif
109.10.14 08:42 B C:\Program Files\WS_FTP\FA\bilder\administration_07.gif --> ftp.blommor24.se /public_html/sam/bilder administration_07.gif
109.10.14 08:42 B C:\Program Files\WS_FTP\FA\bilder\administration_08.gif --> ftp.blommor24.se /public_html/sam/bilder administration_08.gif
109.10.14 08:42 B C:\Program Files\WS_FTP\FA\bilder\spacer.gif --> ftp.blommor24.se /public_html/sam/bilder spacer.gif
109.10.14 08:42 B C:\Program Files\WS_FTP\FA\bilder\WS_FTP.LOG --> ftp.blommor24.se /public_html/sam/bilder WS_FTP.LOG
109.10.23 09:08 B C:\Program Files\WS_FTP\FA\bilder\administration_01.gif --> ftp.firouz.se /public_html/firouz/bilder administration_01.gif
109.10.23 09:08 B C:\Program Files\WS_FTP\FA\bilder\administration_02.gif --> ftp.firouz.se /public_html/firouz/bilder administration_02.gif
109.10.23 09:08 B C:\Program Files\WS_FTP\FA\bilder\administration_03.gif --> ftp.firouz.se /public_html/firouz/bilder administration_03.gif
109.10.23 09:08 B C:\Program Files\WS_FTP\FA\bilder\administration_04.gif --> ftp.firouz.se /public_html/firouz/bilder administration_04.gif
109.10.23 09:09 B C:\Program Files\WS_FTP\FA\bilder\administration_05.gif --> ftp.firouz.se /public_html/firouz/bilder administration_05.gif
109.10.23 09:09 B C:\Program Files\WS_FTP\FA\bilder\administration_06.gif --> ftp.firouz.se /public_html/firouz/bilder administration_06.gif
109.10.23 09:09 B C:\Program Files\WS_FTP\FA\bilder\administration_07.gif --> ftp.firouz.se /public_html/firouz/bilder administration_07.gif
109.10.23 09:09 B C:\Program Files\WS_FTP\FA\bilder\administration_08.gif --> ftp.firouz.se /public_html/firouz/bilder administration_08.gif
109.10.23 09:09 B C:\Program Files\WS_FTP\FA\bilder\spacer.gif --> ftp.firouz.se /public_html/firouz/bilder spacer.gif
109.10.23 09:09 B C:\Program Files\WS_FTP\FA\bilder\WS_FTP.LOG --> ftp.firouz.se /public_html/firouz/bilder WS_FTP.LOG
110.01.18 09:18 B C:\Program Files\WS_FTP\FA\bilder\administration_01.gif --> ftp.toppenbilar.com /public_html/AD/bilder administration_01.gif
110.01.18 09:18 B C:\Program Files\WS_FTP\FA\bilder\administration_02.gif --> ftp.toppenbilar.com /public_html/AD/bilder administration_02.gif
110.01.18 09:18 B C:\Program Files\WS_FTP\FA\bilder\administration_03.gif --> ftp.toppenbilar.com /public_html/AD/bilder administration_03.gif
110.01.18 09:18 B C:\Program Files\WS_FTP\FA\bilder\administration_04.gif --> ftp.toppenbilar.com /public_html/AD/bilder administration_04.gif
110.01.18 09:18 B C:\Program Files\WS_FTP\FA\bilder\administration_05.gif --> ftp.toppenbilar.com /public_html/AD/bilder administration_05.gif
110.01.18 09:18 B C:\Program Files\WS_FTP\FA\bilder\administration_06.gif --> ftp.toppenbilar.com /public_html/AD/bilder administration_06.gif
110.01.18 09:18 B C:\Program Files\WS_FTP\FA\bilder\administration_07.gif --> ftp.toppenbilar.com /public_html/AD/bilder administration_07.gif
110.01.18 09:18 B C:\Program Files\WS_FTP\FA\bilder\administration_08.gif --> ftp.toppenbilar.com /public_html/AD/bilder administration_08.gif
110.01.18 09:18 B C:\Program Files\WS_FTP\FA\bilder\spacer.gif --> ftp.toppenbilar.com /public_html/AD/bilder spacer.gif
